<?xml version="1.0" encoding="UTF-8"?>
<!-- Generated by org.testng.reporters.JUnitReportReporter -->
<testsuite hostname="Serenity" failures="0" tests="1" name="TestScript.TC_12Organisation" time="50.101" errors="0" timestamp="2021-10-01T16:22:57 IST" skipped="0">
  <testcase classname="TestScript.TC_12Organisation" name="TestCase12" time="50.101"/>
  <system-out/>
</testsuite> <!-- TestScript.TC_12Organisation -->
