<?xml version="1.0" encoding="UTF-8"?>
<!-- Generated by org.testng.reporters.JUnitReportReporter -->
<testsuite hostname="Serenity" failures="0" tests="1" name="TestScript.TC_01Organisation10" time="22.506" errors="0" timestamp="2021-10-01T13:34:25 IST" skipped="0">
  <testcase classname="TestScript.TC_01Organisation10" name="TestCase10" time="22.506"/>
  <system-out/>
</testsuite> <!-- TestScript.TC_01Organisation10 -->
