<?xml version="1.0" encoding="UTF-8"?>
<!-- Generated by org.testng.reporters.JUnitReportReporter -->
<testsuite hostname="Serenity" failures="0" tests="1" name="TestScript.TC_01Organisation8" time="40.210" errors="0" timestamp="2021-10-01T12:23:04 IST" skipped="0">
  <testcase classname="TestScript.TC_01Organisation8" name="TestCase1" time="40.210"/>
  <system-out/>
</testsuite> <!-- TestScript.TC_01Organisation8 -->
