<?xml version="1.0" encoding="UTF-8"?>
<!-- Generated by org.testng.reporters.JUnitReportReporter -->
<testsuite hostname="Serenity" failures="0" tests="1" name="com.vitiger.testScript2.tc_06CreateOrgWithMemberOf" time="10.723" errors="0" timestamp="2021-10-05T10:53:15 IST" skipped="0">
  <testcase classname="com.vitiger.testScript2.tc_06CreateOrgWithMemberOf" name="testcase1" time="10.723"/>
  <system-out/>
</testsuite> <!-- com.vitiger.testScript2.tc_06CreateOrgWithMemberOf -->
