<?xml version="1.0" encoding="UTF-8"?>
<!-- Generated by org.testng.reporters.JUnitReportReporter -->
<testsuite hostname="Serenity" failures="0" tests="2" name="com.vitiger.testScriptWithTestmethod.tc_08CreatOrgWithEmailOptOut" time="50.118" errors="0" timestamp="2021-10-08T16:20:23 IST" skipped="0">
  <testcase classname="com.vitiger.testScriptWithTestmethod.tc_08CreatOrgWithEmailOptOut" name="CreatOrgWithEmailOptOutTest" time="25.242"/>
  <system-out/>
  <testcase classname="com.vitiger.testScriptWithTestmethod.tc_08CreatOrgWithEmailOptOut" name="CreatOrgWithEmailOptOutTest" time="24.876"/>
  <system-out/>
</testsuite> <!-- com.vitiger.testScriptWithTestmethod.tc_08CreatOrgWithEmailOptOut -->
