<?xml version="1.0" encoding="UTF-8"?>
<!-- Generated by org.testng.reporters.JUnitReportReporter -->
<testsuite hostname="Serenity" failures="0" tests="2" name="com.vitiger.testScriptWithTestmethod.tc_09CreateOrgWithEmailoptOutCheck" time="55.721" errors="0" timestamp="2021-10-08T16:20:23 IST" skipped="0">
  <testcase classname="com.vitiger.testScriptWithTestmethod.tc_09CreateOrgWithEmailoptOutCheck" name="CreateOrgWithEmailoptOutCheckTest" time="30.969"/>
  <system-out/>
  <testcase classname="com.vitiger.testScriptWithTestmethod.tc_09CreateOrgWithEmailoptOutCheck" name="CreateOrgWithEmailoptOutCheckTest" time="24.752"/>
  <system-out/>
</testsuite> <!-- com.vitiger.testScriptWithTestmethod.tc_09CreateOrgWithEmailoptOutCheck -->
