<?xml version="1.0" encoding="UTF-8"?>
<!-- Generated by org.testng.reporters.JUnitReportReporter -->
<testsuite hostname="Serenity" failures="0" tests="1" name="TestScript.TC_11Organisation" time="45.374" errors="0" timestamp="2021-10-01T16:13:53 IST" skipped="0">
  <testcase classname="TestScript.TC_11Organisation" name="TestCase11" time="45.374"/>
  <system-out/>
</testsuite> <!-- TestScript.TC_11Organisation -->
