<?xml version="1.0" encoding="UTF-8"?>
<!-- Generated by org.testng.reporters.JUnitReportReporter -->
<testsuite hostname="Serenity" failures="0" tests="1" name="practice.HiddenTooltip" time="15.839" errors="0" timestamp="2021-10-12T10:58:27 IST" skipped="0">
  <testcase classname="practice.HiddenTooltip" name="Tooltipmesssage" time="15.839"/>
  <system-out/>
</testsuite> <!-- practice.HiddenTooltip -->
