<?xml version="1.0" encoding="UTF-8"?>
<!-- Generated by org.testng.reporters.JUnitReportReporter -->
<testsuite hostname="Serenity" failures="0" tests="2" name="com.vitiger.testScriptWithTestmethod.tc_07creatorWithMemberAndClear" time="80.761" errors="0" timestamp="2021-10-08T16:20:23 IST" skipped="0">
  <testcase classname="com.vitiger.testScriptWithTestmethod.tc_07creatorWithMemberAndClear" name="creatorWithMemberAndClearTest" time="36.116"/>
  <system-out/>
  <testcase classname="com.vitiger.testScriptWithTestmethod.tc_07creatorWithMemberAndClear" name="creatorWithMemberAndClearTest" time="44.645"/>
  <system-out/>
</testsuite> <!-- com.vitiger.testScriptWithTestmethod.tc_07creatorWithMemberAndClear -->
