<?xml version="1.0" encoding="UTF-8"?>
<!-- Generated by org.testng.reporters.JUnitReportReporter -->
<testsuite hostname="Serenity" failures="0" tests="1" name="TestScript.TC_01Organisation6" time="91.688" errors="0" timestamp="2021-10-04T11:05:48 IST" skipped="0">
  <testcase classname="TestScript.TC_01Organisation6" name="TestCase1" time="91.688"/>
  <system-out/>
</testsuite> <!-- TestScript.TC_01Organisation6 -->
