<?xml version="1.0" encoding="UTF-8"?>
<!-- Generated by org.testng.reporters.JUnitReportReporter -->
<testsuite hostname="Serenity" failures="0" tests="1" name="TestScript.TC_01Organisation9" time="20.854" errors="0" timestamp="2021-10-01T12:55:35 IST" skipped="0">
  <testcase classname="TestScript.TC_01Organisation9" name="TestCase9" time="20.854"/>
  <system-out/>
</testsuite> <!-- TestScript.TC_01Organisation9 -->
